C51 COMPILER V9.51   FENG1                                                                 08/05/2019 20:30:10 PAGE 1   


C51 COMPILER V9.51, COMPILATION OF MODULE FENG1
OBJECT MODULE PLACED IN feng1.OBJ
COMPILER INVOKED BY: C:\Keil\C51\BIN\C51.EXE feng1.c BROWSE DEBUG OBJECTEXTEND TABS(2)

line level    source

   1          #include<STC15F2K60S2.h>
   2          sbit Key1=P3 ^ 2; //风扇减速
   3          sbit Key2=P3 ^ 3; //风扇加速
   4          sbit Key3=P1 ^ 7; //风扇停止或者开始
   5          sbit pwm1=P4^1;
   6          sbit pwm2=P4^2;
   7          bit fflag=0;//风扇转动标志位
   8          int speed = 50,count = 0;
   9          /****************延时处理**********************/
  10          void Delay( unsigned int xms )
  11          {
  12   1          unsigned char i;
  13   1          for( ; xms > 0; xms-- )
  14   1              for( i = 114; i > 0; i-- )
  15   1              {
  16   2                  ;
  17   2              }
  18   1      }
  19          /****************初始化**********************/
  20          void init(){
  21   1        P4M0=0x06;
  22   1        P4M1=0x00;//设置P4.1,P4.2为推挽输出
  23   1        pwm1=0;
  24   1        pwm2=0;
  25   1        AUXR |= 0x80; //定时器时钟1T模式
  26   1        TMOD = 0x01; //设置定时器模式，16位自动重装载
  27   1        TL0 = (65536-1000)%256;   
  28   1        TH0 = (65536-1000)/256; 
  29   1        TF0=0;
  30   1        TR0=1;//定时器0开始计时
  31   1        ET0=1;//打开定时器0中断
  32   1        EA=1;//打开总中断
  33   1      }
  34          /************按键处理函数***************/
  35          void keys(){
  36   1        if(Key3==0){
  37   2          Delay(10);
  38   2          if(Key3==0){
  39   3            
  40   3            fflag=~fflag;
  41   3          }
  42   2          while(!Key3);
  43   2        }
  44   1        if(Key1==0){
  45   2          Delay(10);
  46   2          if(Key1==0){
  47   3            
  48   3            speed-=5;
  49   3            if(speed<=0) speed=0;
  50   3          }
  51   2          while(!Key1);
  52   2        }
  53   1        if(Key2==0){
  54   2          Delay(10);
  55   2          if(Key2==0){
C51 COMPILER V9.51   FENG1                                                                 08/05/2019 20:30:10 PAGE 2   

  56   3            
  57   3            speed+=5;
  58   3            if(speed>=100)speed=100;
  59   3          }
  60   2          while(!Key2);
  61   2        }
  62   1      }
  63          /***********中断处理函数**********/
  64          void timer0()interrupt 1
  65          {
  66   1        TR0 = 0;
  67   1        TL0 = (65536-1000)%256;   
  68   1        TH0 = (65536-1000)/256; 
  69   1        TR0 = 1;
  70   1        if(fflag==1){
  71   2          count++;
  72   2          if(count>100){
  73   3            count=0;
  74   3          
  75   3          }
  76   2          if(count<=speed){
  77   3              pwm1=1;
  78   3          }
  79   2          else pwm1=0;
  80   2        }
  81   1      }
  82          void main()
  83          {
  84   1        init();
  85   1        while(1){
  86   2          keys();
  87   2        }
  88   1      }


MODULE INFORMATION:   STATIC OVERLAYABLE
   CODE SIZE        =    240    ----
   CONSTANT SIZE    =   ----    ----
   XDATA SIZE       =   ----    ----
   PDATA SIZE       =   ----    ----
   DATA SIZE        =      4    ----
   IDATA SIZE       =   ----    ----
   BIT SIZE         =      1    ----
END OF MODULE INFORMATION.


C51 COMPILATION COMPLETE.  0 WARNING(S),  0 ERROR(S)
