C51 COMPILER V9.51   BEEP1                                                                 08/26/2019 19:55:14 PAGE 1   


C51 COMPILER V9.51, COMPILATION OF MODULE BEEP1
OBJECT MODULE PLACED IN beep1.OBJ
COMPILER INVOKED BY: C:\Keil\C51\BIN\C51.EXE beep1.c BROWSE DEBUG OBJECTEXTEND TABS(2)

line level    source

   1          #include <STC15F2K60S2.H>
   2          #define uint  unsigned int
   3          #define uchar unsigned char
   4          
   5          /*---------引脚别名定义---------*/
   6          sbit sbtBeep = P3 ^ 4;                  //蜂鸣器引脚
   7          sbit sbtKey1 = P3 ^ 2;                  //按键1引脚
   8          /*---------初始化函数--------*/
   9          void init()
  10          {
  11   1          P3M1 = 0x00;
  12   1          P3M0 = 0x10;                  //设置P3^4为推挽模式
  13   1          P0 = 0x00;                    //关闭P0端口
  14   1          sbtBeep = 0;                  //蜂鸣器引脚置0，以保护蜂鸣器
  15   1      }
  16          uint xb=0;
  17          /*---------延时子函数--------*/
  18          void delay( uint xms )
  19          {
  20   1          uchar i;
  21   1          for( ; xms > 0; xms-- )
  22   1              for( i = 114; i > 0; i-- )
  23   1              {
  24   2                  ;
  25   2              }
  26   1      }
  27          /*---------蜂鸣器发声函数--------*/
  28          void beeps(){
  29   1        for(xb=0;xb<255;xb++){
  30   2          sbtBeep=1;
  31   2          delay(10);
  32   2          sbtBeep=0;
  33   2          delay(10);
  34   2        }
  35   1      }
  36          /*---------主函数--------*/
  37          void main()
  38          {
  39   1          init();
  40   1          while( 1 )
  41   1          {
  42   2              if( sbtKey1 == 0 )
  43   2              {
  44   3                  delay( 10 );                     //延时消抖
  45   3                  if( sbtKey1 == 0 )
  46   3                  {
  47   4                      while( !sbtKey1 );       //松手后才响
  48   4                      beeps();
  49   4                  }
  50   3              }
  51   2          }
  52   1      }


MODULE INFORMATION:   STATIC OVERLAYABLE
C51 COMPILER V9.51   BEEP1                                                                 08/26/2019 19:55:14 PAGE 2   

   CODE SIZE        =     89    ----
   CONSTANT SIZE    =   ----    ----
   XDATA SIZE       =   ----    ----
   PDATA SIZE       =   ----    ----
   DATA SIZE        =      2    ----
   IDATA SIZE       =   ----    ----
   BIT SIZE         =   ----    ----
END OF MODULE INFORMATION.


C51 COMPILATION COMPLETE.  0 WARNING(S),  0 ERROR(S)
